Determining if the pthread_create exist failed with the following output:
Change Dir: /home/nicolas/Documents/IMAC/A3/OpenGL/gltf-viewer-tutorial/build-gltf-viewer/CMakeFiles/CMakeTmp

Run Build Command:"/usr/bin/make" "cmTC_d8e19/fast"
/usr/bin/make -f CMakeFiles/cmTC_d8e19.dir/build.make CMakeFiles/cmTC_d8e19.dir/build
make[1] : on entre dans le répertoire « /home/nicolas/Documents/IMAC/A3/OpenGL/gltf-viewer-tutorial/build-gltf-viewer/CMakeFiles/CMakeTmp »
Building C object CMakeFiles/cmTC_d8e19.dir/CheckSymbolExists.c.o
/usr/bin/cc    -o CMakeFiles/cmTC_d8e19.dir/CheckSymbolExists.c.o   -c /home/nicolas/Documents/IMAC/A3/OpenGL/gltf-viewer-tutorial/build-gltf-viewer/CMakeFiles/CMakeTmp/CheckSymbolExists.c
Linking C executable cmTC_d8e19
/usr/local/bin/cmake -E cmake_link_script CMakeFiles/cmTC_d8e19.dir/link.txt --verbose=1
/usr/bin/cc      -rdynamic CMakeFiles/cmTC_d8e19.dir/CheckSymbolExists.c.o  -o cmTC_d8e19 
CMakeFiles/cmTC_d8e19.dir/CheckSymbolExists.c.o : Dans la fonction « main » :
CheckSymbolExists.c:(.text+0x1b) : référence indéfinie vers « pthread_create »
collect2: error: ld returned 1 exit status
CMakeFiles/cmTC_d8e19.dir/build.make:86: recipe for target 'cmTC_d8e19' failed
make[1]: *** [cmTC_d8e19] Error 1
make[1] : on quitte le répertoire « /home/nicolas/Documents/IMAC/A3/OpenGL/gltf-viewer-tutorial/build-gltf-viewer/CMakeFiles/CMakeTmp »
Makefile:121: recipe for target 'cmTC_d8e19/fast' failed
make: *** [cmTC_d8e19/fast] Error 2

File /home/nicolas/Documents/IMAC/A3/OpenGL/gltf-viewer-tutorial/build-gltf-viewer/CMakeFiles/CMakeTmp/CheckSymbolExists.c:
/* */
#include <pthread.h>

int main(int argc, char** argv)
{
  (void)argv;
#ifndef pthread_create
  return ((int*)(&pthread_create))[argc];
#else
  (void)argc;
  return 0;
#endif
}

Determining if the function pthread_create exists in the pthreads failed with the following output:
Change Dir: /home/nicolas/Documents/IMAC/A3/OpenGL/gltf-viewer-tutorial/build-gltf-viewer/CMakeFiles/CMakeTmp

Run Build Command:"/usr/bin/make" "cmTC_a0535/fast"
/usr/bin/make -f CMakeFiles/cmTC_a0535.dir/build.make CMakeFiles/cmTC_a0535.dir/build
make[1] : on entre dans le répertoire « /home/nicolas/Documents/IMAC/A3/OpenGL/gltf-viewer-tutorial/build-gltf-viewer/CMakeFiles/CMakeTmp »
Building C object CMakeFiles/cmTC_a0535.dir/CheckFunctionExists.c.o
/usr/bin/cc   -DCHECK_FUNCTION_EXISTS=pthread_create   -o CMakeFiles/cmTC_a0535.dir/CheckFunctionExists.c.o   -c /usr/local/share/cmake-3.12/Modules/CheckFunctionExists.c
Linking C executable cmTC_a0535
/usr/local/bin/cmake -E cmake_link_script CMakeFiles/cmTC_a0535.dir/link.txt --verbose=1
/usr/bin/cc  -DCHECK_FUNCTION_EXISTS=pthread_create    -rdynamic CMakeFiles/cmTC_a0535.dir/CheckFunctionExists.c.o  -o cmTC_a0535 -lpthreads 
/usr/bin/ld : ne peut trouver -lpthreads
collect2: error: ld returned 1 exit status
CMakeFiles/cmTC_a0535.dir/build.make:86: recipe for target 'cmTC_a0535' failed
make[1]: *** [cmTC_a0535] Error 1
make[1] : on quitte le répertoire « /home/nicolas/Documents/IMAC/A3/OpenGL/gltf-viewer-tutorial/build-gltf-viewer/CMakeFiles/CMakeTmp »
Makefile:121: recipe for target 'cmTC_a0535/fast' failed
make: *** [cmTC_a0535/fast] Error 2


